**********************
Windows PowerShell 轉譯開始
開始時間: 20250227202326
使用者名稱: P5430-240322\USER
RunAs 使用者: P5430-240322\USER
設定名稱: 
電腦: P5430-240322 (Microsoft Windows NT 10.0.19045.0)
主應用程式: C:\Windows\System32\WindowsPowerShell\v1.0\powershell.exe
處理序識別碼: 3792
PSVersion: 5.1.19041.5486
PSEdition: Desktop
PSCompatibleVersions: 1.0, 2.0, 3.0, 4.0, 5.0, 5.1.19041.5486
BuildVersion: 10.0.19041.5486
CLRVersion: 4.0.30319.42000
WSManStackVersion: 3.0
PSRemotingProtocolVersion: 2.3
SerializationVersion: 1.1.0.1
**********************
已啟動轉譯，輸出檔為 D:\vel-enterprise-system\deploy\logs\deploy_20250227_202326.log
開始部署到 local 環境...


    目錄: C:\xampp\htdocs\wordpress\wp-content\plugins


Mode                 LastWriteTime         Length Name
----                 -------------         ------ ----
d-----       2025/2/27  下午 08:23                vel-enterprise-system
已建立目錄: C:/xampp/htdocs/wordpress/wp-content/plugins/vel-enterprise-system


    目錄: C:\backups\vel-enterprise-system


Mode                 LastWriteTime         Length Name
----                 -------------         ------ ----
d-----       2025/2/27  下午 08:23                local
已建立目錄: C:/backups/vel-enterprise-system/local
部署完成！
**********************
Windows PowerShell 轉譯結束
結束時間: 20250227202326
**********************
